java.lang.RuntimeException: Bloop BSP connection in /home/abdul-rehman/.cache/scalacli/bsp-sockets/proc-25486 was unexpectedly closed or bloop didn't start.
  scala.sys.package$.error(package.scala:27)
  bloop.rifle.internal.Operations$$anon$1.openSocket(Operations.scala:426)
  bloop.rifle.BloopServer$.create$1(BloopServer.scala:128)
  bloop.rifle.BloopServer$.connect(BloopServer.scala:144)
  bloop.rifle.BloopServer$.bsp(BloopServer.scala:167)
  bloop.rifle.BloopServer$.buildServer(BloopServer.scala:186)
  scala.build.compiler.BloopCompilerMaker.$anonfun$1$$anonfun$1(BloopCompilerMaker.scala:56)
  scala.build.package$package$.helper$1(package.scala:16)
  scala.build.package$package$.retry(package.scala:29)
  scala.build.compiler.BloopCompilerMaker.$anonfun$1(BloopCompilerMaker.scala:58)
  scala.build.compiler.BloopCompiler.<init>(BloopCompiler.scala:15)
  scala.build.compiler.BloopCompilerMaker.$anonfun$2(BloopCompilerMaker.scala:60)
  scala.util.Try$.apply(Try.scala:217)
  scala.build.compiler.BloopCompilerMaker.create(BloopCompilerMaker.scala:60)
  scala.build.compiler.ScalaCompilerMaker.withCompiler(ScalaCompilerMaker.scala:34)
  scala.build.compiler.ScalaCompilerMaker.withCompiler$(ScalaCompilerMaker.scala:9)
  scala.build.compiler.BloopCompilerMaker.withCompiler(BloopCompilerMaker.scala:14)
  scala.build.Build$.build$$anonfun$3(Build.scala:630)
  scala.build.EitherCps$Helper.apply(EitherCps.scala:19)
  scala.build.Build$.build(Build.scala:605)
  scala.cli.commands.run.Run$.runCommand(Run.scala:336)
  scala.cli.commands.default.Default.runCommand(Default.scala:69)
  scala.cli.commands.default.Default.runCommand(Default.scala:40)
  scala.cli.commands.ScalaCommand.run(ScalaCommand.scala:401)
  scala.cli.commands.ScalaCommand.run(ScalaCommand.scala:382)
  caseapp.core.app.CaseApp.main(CaseApp.scala:166)
  scala.cli.commands.ScalaCommand.main(ScalaCommand.scala:367)
  caseapp.core.app.CommandsEntryPoint.main(CommandsEntryPoint.scala:370)
  scala.cli.ScalaCliCommands.main(ScalaCliCommands.scala:125)
  scala.cli.ScalaCli$.main0(ScalaCli.scala:320)
  scala.cli.ScalaCli$.main(ScalaCli.scala:124)
  scala.cli.ScalaCli.main(ScalaCli.scala)
